<?xml version="1.0" encoding="utf-8"?><testsuites name="pytest tests"><testsuite name="pytest" errors="0" failures="0" skipped="0" tests="13" time="0.030" timestamp="2026-06-20T11:37:23.573754+00:00" hostname="agent-env-b7c14b5b-6d16-41e7-b13f-54add1f201a4"><testcase classname="tests.test_email_rendering.TestClientEmail" name="test_client_email_contains_localised_block_in_correct_order[sr]" time="0.000" /><testcase classname="tests.test_email_rendering.TestClientEmail" name="test_client_email_contains_localised_block_in_correct_order[en]" time="0.000" /><testcase classname="tests.test_email_rendering.TestClientEmail" name="test_client_email_contains_localised_block_in_correct_order[ru]" time="0.000" /><testcase classname="tests.test_email_rendering.TestClientEmail" name="test_client_email_contains_localised_block_in_correct_order[zh]" time="0.000" /><testcase classname="tests.test_email_rendering.TestClientEmail" name="test_client_email_contains_localised_block_in_correct_order[th]" time="0.000" /><testcase classname="tests.test_email_rendering.TestClientEmail" name="test_client_email_plain_text_contains_treatment" time="0.000" /><testcase classname="tests.test_email_rendering.TestOwnerEmail" name="test_owner_email_always_serbian[sr]" time="0.000" /><testcase classname="tests.test_email_rendering.TestOwnerEmail" name="test_owner_email_always_serbian[en]" time="0.000" /><testcase classname="tests.test_email_rendering.TestOwnerEmail" name="test_owner_email_always_serbian[ru]" time="0.000" /><testcase classname="tests.test_email_rendering.TestOwnerEmail" name="test_owner_email_always_serbian[zh]" time="0.000" /><testcase classname="tests.test_email_rendering.TestOwnerEmail" name="test_owner_email_always_serbian[th]" time="0.000" /><testcase classname="tests.test_email_rendering.TestOwnerEmail" name="test_owner_email_without_treatment" time="0.000" /><testcase classname="tests.test_email_rendering" name="test_language_display_map_covers_all_supported_langs" time="0.000" /></testsuite></testsuites>