<?xml version="1.0" encoding="utf-8"?><testsuites name="pytest tests"><testsuite name="pytest" errors="0" failures="0" skipped="0" tests="24" time="10.703" timestamp="2026-06-20T12:01:56.959470+00:00" hostname="agent-env-b7c14b5b-6d16-41e7-b13f-54add1f201a4"><testcase classname="backend.tests.test_appointment_persistence" name="test_backend_persists_appointment_date_time_with_correct_keys" time="1.376" /><testcase classname="backend.tests.test_contact_api.TestRoot" name="test_root_ok" time="0.108" /><testcase classname="backend.tests.test_contact_api.TestContactCreate" name="test_create_contact_sr" time="0.137" /><testcase classname="backend.tests.test_contact_api.TestContactCreate" name="test_create_contact_other_languages[en]" time="0.138" /><testcase classname="backend.tests.test_contact_api.TestContactCreate" name="test_create_contact_other_languages[ru]" time="0.091" /><testcase classname="backend.tests.test_contact_api.TestContactCreate" name="test_create_contact_other_languages[zh]" time="0.141" /><testcase classname="backend.tests.test_contact_api.TestContactCreate" name="test_background_task_persists_email_outcome" time="8.155" /><testcase classname="backend.tests.test_contact_api.TestContactCreate" name="test_missing_required_fields_returns_422" time="0.119" /><testcase classname="backend.tests.test_contact_api.TestContactCreate" name="test_invalid_email_returns_422" time="0.095" /><testcase classname="backend.tests.test_contact_api.TestContactCreate" name="test_empty_message_returns_422" time="0.122" /><testcase classname="backend.tests.test_contact_api.TestContactList" name="test_list_returns_persisted_records" time="0.144" /><testcase classname="backend.tests.test_email_rendering.TestClientEmail" name="test_client_email_contains_localised_block_in_correct_order[sr]" time="0.001" /><testcase classname="backend.tests.test_email_rendering.TestClientEmail" name="test_client_email_contains_localised_block_in_correct_order[en]" time="0.000" /><testcase classname="backend.tests.test_email_rendering.TestClientEmail" name="test_client_email_contains_localised_block_in_correct_order[ru]" time="0.000" /><testcase classname="backend.tests.test_email_rendering.TestClientEmail" name="test_client_email_contains_localised_block_in_correct_order[zh]" time="0.000" /><testcase classname="backend.tests.test_email_rendering.TestClientEmail" name="test_client_email_contains_localised_block_in_correct_order[th]" time="0.000" /><testcase classname="backend.tests.test_email_rendering.TestClientEmail" name="test_client_email_plain_text_contains_treatment" time="0.000" /><testcase classname="backend.tests.test_email_rendering.TestOwnerEmail" name="test_owner_email_always_serbian[sr]" time="0.000" /><testcase classname="backend.tests.test_email_rendering.TestOwnerEmail" name="test_owner_email_always_serbian[en]" time="0.000" /><testcase classname="backend.tests.test_email_rendering.TestOwnerEmail" name="test_owner_email_always_serbian[ru]" time="0.000" /><testcase classname="backend.tests.test_email_rendering.TestOwnerEmail" name="test_owner_email_always_serbian[zh]" time="0.000" /><testcase classname="backend.tests.test_email_rendering.TestOwnerEmail" name="test_owner_email_always_serbian[th]" time="0.000" /><testcase classname="backend.tests.test_email_rendering.TestOwnerEmail" name="test_owner_email_without_treatment" time="0.000" /><testcase classname="backend.tests.test_email_rendering" name="test_language_display_map_covers_all_supported_langs" time="0.000" /></testsuite></testsuites>