<?xml version="1.0" encoding="utf-8"?><testsuites name="pytest tests"><testsuite name="pytest" errors="0" failures="1" skipped="0" tests="2" time="2.649" timestamp="2026-06-20T11:19:23.867275+00:00" hostname="agent-env-b7c14b5b-6d16-41e7-b13f-54add1f201a4"><testcase classname="backend.tests.test_appointment_persistence" name="test_backend_persists_appointment_date_time_with_correct_keys" time="1.322" /><testcase classname="backend.tests.test_appointment_persistence" name="test_frontend_compatible_payload_date_time_keys" time="1.255"><failure message="AssertionError: FRONTEND/BACKEND CONTRACT BROKEN: frontend sends `date` but backend expects `appointment_date`; booking date is silently lost. Persisted doc: {'id': '1783e7ae-4bd2-426d-b652-1f11560d2b4f', 'name': 'TEST_AppointmentFrontendKeys', 'email': 'test_appt_frontend@example.com', 'phone': '+381600000002', 'message': 'TEST appointment frontend keys', 'message_serbian': None, 'language': 'sr', 'client_email_sent': True, 'owner_email_sent': True, 'email_error': None, 'appointment_date': None, 'appointment_time': None, 'selected_treatment': None, 'created_at': '2026-06-20T11:19:25.378312Z'}&#10;assert None == '2026-07-20'&#10; +  where None = &lt;built-in method get of dict object at 0xfca3b6ea3900&gt;('appointment_date')&#10; +    where &lt;built-in method get of dict object at 0xfca3b6ea3900&gt; = {'appointment_date': None, 'appointment_time': None, 'client_email_sent': True, 'created_at': '2026-06-20T11:19:25.378312Z', ...}.get">backend/tests/test_appointment_persistence.py:78: in test_frontend_compatible_payload_date_time_keys
    assert doc.get("appointment_date") == "2026-07-20", (
E   AssertionError: FRONTEND/BACKEND CONTRACT BROKEN: frontend sends `date` but backend expects `appointment_date`; booking date is silently lost. Persisted doc: {'id': '1783e7ae-4bd2-426d-b652-1f11560d2b4f', 'name': 'TEST_AppointmentFrontendKeys', 'email': 'test_appt_frontend@example.com', 'phone': '+381600000002', 'message': 'TEST appointment frontend keys', 'message_serbian': None, 'language': 'sr', 'client_email_sent': True, 'owner_email_sent': True, 'email_error': None, 'appointment_date': None, 'appointment_time': None, 'selected_treatment': None, 'created_at': '2026-06-20T11:19:25.378312Z'}
E   assert None == '2026-07-20'
E    +  where None = &lt;built-in method get of dict object at 0xfca3b6ea3900&gt;('appointment_date')
E    +    where &lt;built-in method get of dict object at 0xfca3b6ea3900&gt; = {'appointment_date': None, 'appointment_time': None, 'client_email_sent': True, 'created_at': '2026-06-20T11:19:25.378312Z', ...}.get</failure></testcase></testsuite></testsuites>