<?xml version="1.0" encoding="utf-8"?><testsuites name="pytest tests"><testsuite name="pytest" errors="0" failures="2" skipped="0" tests="12" time="11.768" timestamp="2026-06-20T11:14:27.415303+00:00" hostname="agent-env-b7c14b5b-6d16-41e7-b13f-54add1f201a4"><testcase classname="backend.tests.test_appointment_persistence" name="test_backend_persists_appointment_date_time_with_correct_keys" time="1.303"><failure message="AssertionError: appointment_date not persisted, got: None&#10;assert None == '2026-07-20'&#10; +  where None = &lt;built-in method get of dict object at 0xf933dd50d0c0&gt;('appointment_date')&#10; +    where &lt;built-in method get of dict object at 0xf933dd50d0c0&gt; = {'client_email_sent': True, 'created_at': '2026-06-20T11:14:27.643507Z', 'email': 'test_appt_backend@example.com', 'email_error': None, ...}.get">backend/tests/test_appointment_persistence.py:47: in test_backend_persists_appointment_date_time_with_correct_keys
    assert doc.get("appointment_date") == "2026-07-20", (
E   AssertionError: appointment_date not persisted, got: None
E   assert None == '2026-07-20'
E    +  where None = &lt;built-in method get of dict object at 0xf933dd50d0c0&gt;('appointment_date')
E    +    where &lt;built-in method get of dict object at 0xf933dd50d0c0&gt; = {'client_email_sent': True, 'created_at': '2026-06-20T11:14:27.643507Z', 'email': 'test_appt_backend@example.com', 'email_error': None, ...}.get</failure></testcase><testcase classname="backend.tests.test_appointment_persistence" name="test_frontend_compatible_payload_date_time_keys" time="1.206"><failure message="AssertionError: FRONTEND/BACKEND CONTRACT BROKEN: frontend sends `date` but backend expects `appointment_date`; booking date is silently lost. Persisted doc: {'id': '43d6ba80-cf63-480c-b3f5-cb82c96ef84c', 'name': 'TEST_AppointmentFrontendKeys', 'email': 'test_appt_frontend@example.com', 'phone': '+381600000002', 'message': 'TEST appointment frontend keys', 'message_serbian': None, 'language': 'sr', 'client_email_sent': True, 'owner_email_sent': True, 'email_error': None, 'created_at': '2026-06-20T11:14:28.876696Z'}&#10;assert None == '2026-07-20'&#10; +  where None = &lt;built-in method get of dict object at 0xf933dd552880&gt;('appointment_date')&#10; +    where &lt;built-in method get of dict object at 0xf933dd552880&gt; = {'client_email_sent': True, 'created_at': '2026-06-20T11:14:28.876696Z', 'email': 'test_appt_frontend@example.com', 'email_error': None, ...}.get">backend/tests/test_appointment_persistence.py:78: in test_frontend_compatible_payload_date_time_keys
    assert doc.get("appointment_date") == "2026-07-20", (
E   AssertionError: FRONTEND/BACKEND CONTRACT BROKEN: frontend sends `date` but backend expects `appointment_date`; booking date is silently lost. Persisted doc: {'id': '43d6ba80-cf63-480c-b3f5-cb82c96ef84c', 'name': 'TEST_AppointmentFrontendKeys', 'email': 'test_appt_frontend@example.com', 'phone': '+381600000002', 'message': 'TEST appointment frontend keys', 'message_serbian': None, 'language': 'sr', 'client_email_sent': True, 'owner_email_sent': True, 'email_error': None, 'created_at': '2026-06-20T11:14:28.876696Z'}
E   assert None == '2026-07-20'
E    +  where None = &lt;built-in method get of dict object at 0xf933dd552880&gt;('appointment_date')
E    +    where &lt;built-in method get of dict object at 0xf933dd552880&gt; = {'client_email_sent': True, 'created_at': '2026-06-20T11:14:28.876696Z', 'email': 'test_appt_frontend@example.com', 'email_error': None, ...}.get</failure></testcase><testcase classname="backend.tests.test_contact_api.TestRoot" name="test_root_ok" time="0.095" /><testcase classname="backend.tests.test_contact_api.TestContactCreate" name="test_create_contact_sr" time="0.098" /><testcase classname="backend.tests.test_contact_api.TestContactCreate" name="test_create_contact_other_languages[en]" time="0.143" /><testcase classname="backend.tests.test_contact_api.TestContactCreate" name="test_create_contact_other_languages[ru]" time="0.094" /><testcase classname="backend.tests.test_contact_api.TestContactCreate" name="test_create_contact_other_languages[zh]" time="0.125" /><testcase classname="backend.tests.test_contact_api.TestContactCreate" name="test_background_task_persists_email_outcome" time="8.155" /><testcase classname="backend.tests.test_contact_api.TestContactCreate" name="test_missing_required_fields_returns_422" time="0.127" /><testcase classname="backend.tests.test_contact_api.TestContactCreate" name="test_invalid_email_returns_422" time="0.107" /><testcase classname="backend.tests.test_contact_api.TestContactCreate" name="test_empty_message_returns_422" time="0.094" /><testcase classname="backend.tests.test_contact_api.TestContactList" name="test_list_returns_persisted_records" time="0.135" /></testsuite></testsuites>