<?xml version="1.0" encoding="utf-8"?><testsuites name="pytest tests"><testsuite name="pytest" errors="0" failures="0" skipped="0" tests="9" time="4.609" timestamp="2026-06-14T12:09:55.097962+00:00" hostname="agent-env-b7c14b5b-6d16-41e7-b13f-54add1f201a4"><testcase classname="backend.tests.test_contact_api.TestRoot" name="test_root_ok" time="0.159" /><testcase classname="backend.tests.test_contact_api.TestContactCreate" name="test_create_contact_sr" time="0.813" /><testcase classname="backend.tests.test_contact_api.TestContactCreate" name="test_create_contact_other_languages[en]" time="0.780" /><testcase classname="backend.tests.test_contact_api.TestContactCreate" name="test_create_contact_other_languages[ru]" time="0.768" /><testcase classname="backend.tests.test_contact_api.TestContactCreate" name="test_create_contact_other_languages[zh]" time="0.777" /><testcase classname="backend.tests.test_contact_api.TestContactCreate" name="test_missing_required_fields_returns_422" time="0.099" /><testcase classname="backend.tests.test_contact_api.TestContactCreate" name="test_invalid_email_returns_422" time="0.137" /><testcase classname="backend.tests.test_contact_api.TestContactCreate" name="test_empty_message_returns_422" time="0.113" /><testcase classname="backend.tests.test_contact_api.TestContactList" name="test_list_returns_persisted_records" time="0.738" /></testsuite></testsuites>